{"/Users/valeriiasharybina/QA/QA_auto/my-node-project/script.js": {"path":"/Users/valeriiasharybina/QA/QA_auto/my-node-project/script.js","statementMap":{"0":{"start":{"line":1,"column":23},"end":{"line":8,"column":5}},"1":{"start":{"line":3,"column":16},"end":{"line":3,"column":21}},"2":{"start":{"line":4,"column":4},"end":{"line":4,"column":13}},"3":{"start":{"line":5,"column":4},"end":{"line":5,"column":44}},"4":{"start":{"line":6,"column":4},"end":{"line":6,"column":13}},"5":{"start":{"line":7,"column":4},"end":{"line":7,"column":17}},"6":{"start":{"line":10,"column":4},"end":{"line":10,"column":36}}},"fnMap":{"0":{"name":"(anonymous_0)","decl":{"start":{"line":1,"column":23},"end":{"line":1,"column":24}},"loc":{"start":{"line":1,"column":33},"end":{"line":8,"column":5}},"line":1}},"branchMap":{"0":{"loc":{"start":{"line":5,"column":4},"end":{"line":5,"column":43}},"type":"cond-expr","locations":[{"start":{"line":5,"column":16},"end":{"line":5,"column":26}},{"start":{"line":5,"column":31},"end":{"line":5,"column":42}}],"line":5}},"s":{"0":1,"1":5,"2":5,"3":5,"4":5,"5":5,"6":1},"f":{"0":5},"b":{"0":[1,4]},"_coverageSchema":"1a1c01bbd47fc00a2c39e90264f33305004495a9","hash":"874aa95eaaf6ca3aafa0453fadc3b1e21494104c"}
}
